c:\labs\project\full_code_inject\codeinject_src\projects\codeinject\release\vc140.pdb
c:\labs\project\full_code_inject\codeinject_src\projects\codeinject\release\stdafx.obj
c:\labs\project\full_code_inject\codeinject_src\projects\codeinject\release\petoolhelp.obj
c:\labs\project\full_code_inject\codeinject_src\projects\codeinject\release\extra_code.obj
c:\labs\project\full_code_inject\codeinject_src\projects\codeinject\release\codeinject.obj
c:\users\kravi\desktop\codeinject02\codeinject - copy\release\vc140.pdb
c:\users\kravi\desktop\codeinject02\codeinject - copy\release\stdafx.obj
c:\users\kravi\desktop\codeinject02\codeinject - copy\release\petool.obj
c:\users\kravi\desktop\codeinject02\codeinject - copy\release\codeinject.obj
c:\labs\project\full_code_inject\codeinject_src\projects\codeinject\release\codeinject.exe
c:\labs\project\full_code_inject\codeinject_src\projects\codeinject\release\codeinject.ipdb
c:\labs\project\full_code_inject\codeinject_src\projects\codeinject\release\codeinject.iobj
c:\labs\project\full_code_inject\codeinject_src\projects\release\codeinject.pdb
c:\labs\project\full_code_inject\codeinject_src\projects\codeinject\release\codeinject.pdb
c:\users\kravi\desktop\codeinject02\codeinject - copy\release\codeinject.exe
c:\users\kravi\desktop\codeinject02\codeinject - copy\release\codeinject.ipdb
c:\users\kravi\desktop\codeinject02\codeinject - copy\release\codeinject.iobj
c:\users\kravi\desktop\codeinject02\codeinject - copy\release\codeinject.pdb
c:\users\kravi\desktop\codeinject02\codeinject - copy\release\extra_code.obj
c:\users\kravi\desktop\codeinject02\codeinject - copy\release\petoolhelp.obj
c:\users\kravi\desktop\codeinject02\codeinject - copy\release\codeinject.tlog\cl.command.1.tlog
c:\users\kravi\desktop\codeinject02\codeinject - copy\release\codeinject.tlog\cl.read.1.tlog
c:\users\kravi\desktop\codeinject02\codeinject - copy\release\codeinject.tlog\cl.write.1.tlog
c:\users\kravi\desktop\codeinject02\codeinject - copy\release\codeinject.tlog\link.command.1.tlog
c:\users\kravi\desktop\codeinject02\codeinject - copy\release\codeinject.tlog\link.read.1.tlog
c:\users\kravi\desktop\codeinject02\codeinject - copy\release\codeinject.tlog\link.write.1.tlog
